2014/11/03 05:17:58 INFO  - jmeter.util.JMeterUtils: Setting Locale to en_US 
2014/11/03 05:17:58 INFO  - jmeter.JMeter: Loading user properties from: D:\apache-jmeter-2.9\bin\user.properties 
2014/11/03 05:17:58 INFO  - jmeter.JMeter: Loading system properties from: D:\apache-jmeter-2.9\bin\system.properties 
2014/11/03 05:17:58 INFO  - jmeter.JMeter: Copyright (c) 1998-2013 The Apache Software Foundation 
2014/11/03 05:17:58 INFO  - jmeter.JMeter: Version 2.9 r1437961 
2014/11/03 05:17:58 INFO  - jmeter.JMeter: java.version=1.7.0_60 
2014/11/03 05:17:58 INFO  - jmeter.JMeter: java.vm.name=Java HotSpot(TM) 64-Bit Server VM 
2014/11/03 05:17:58 INFO  - jmeter.JMeter: os.name=Windows 7 
2014/11/03 05:17:58 INFO  - jmeter.JMeter: os.arch=amd64 
2014/11/03 05:17:58 INFO  - jmeter.JMeter: os.version=6.1 
2014/11/03 05:17:58 INFO  - jmeter.JMeter: file.encoding=Cp1251 
2014/11/03 05:17:58 INFO  - jmeter.JMeter: Default Locale=English (United States) 
2014/11/03 05:17:58 INFO  - jmeter.JMeter: JMeter  Locale=English (United States) 
2014/11/03 05:17:58 INFO  - jmeter.JMeter: JMeterHome=D:\apache-jmeter-2.9 
2014/11/03 05:17:58 INFO  - jmeter.JMeter: user.dir  =D:\apache-jmeter-2.9\bin 
2014/11/03 05:17:58 INFO  - jmeter.JMeter: PWD       =D:\apache-jmeter-2.9\bin 
2014/11/03 05:17:58 INFO  - jmeter.JMeter: IP: 10.184.208.204 Name: EPBYMINW3484 FullName: EPBYMINW3484.minsk.epam.com 
2014/11/03 05:17:58 INFO  - jmeter.JMeter: Loaded icon properties from org/apache/jmeter/images/icon.properties 
2014/11/03 05:17:58 INFO  - jmeter.engine.util.CompoundVariable: Note: Function class names must contain the string: '.functions.' 
2014/11/03 05:17:58 INFO  - jmeter.engine.util.CompoundVariable: Note: Function class names must not contain the string: '.gui.' 
2014/11/03 05:17:59 INFO  - jmeter.gui.action.LookAndFeelCommand: Using look and feel: javax.swing.plaf.metal.MetalLookAndFeel [Metal, CrossPlatform] 
2014/11/03 05:17:59 INFO  - jmeter.gui.util.MenuFactory: Skipping kg.apc.jmeter.config.VariablesFromCSVFile 
2014/11/03 05:18:00 INFO  - jmeter.util.BSFTestElement: Registering JMeter version of JavaScript engine as work-round for BSF-22 
2014/11/03 05:18:00 INFO  - jmeter.protocol.http.sampler.HTTPSamplerBase: Cannot find .className property for htmlParser, using default 
2014/11/03 05:18:00 INFO  - jmeter.protocol.http.sampler.HTTPSamplerBase: Parser for text/html is  
2014/11/03 05:18:00 INFO  - jmeter.protocol.http.sampler.HTTPSamplerBase: Parser for application/xhtml+xml is  
2014/11/03 05:18:00 INFO  - jmeter.protocol.http.sampler.HTTPSamplerBase: Parser for application/xml is  
2014/11/03 05:18:00 INFO  - jmeter.protocol.http.sampler.HTTPSamplerBase: Parser for text/xml is  
2014/11/03 05:18:00 INFO  - jmeter.protocol.http.sampler.HTTPSamplerBase: Parser for text/vnd.wap.wml is org.apache.jmeter.protocol.http.parser.RegexpHTMLParser 
2014/11/03 05:18:00 INFO  - jmeter.protocol.http.sampler.HTTPSamplerBase: Reuse SSL session context on subsequent iterations: true 
2014/11/03 05:18:00 INFO  - jmeter.gui.util.MenuFactory: Skipping org.apache.jmeter.protocol.http.modifier.gui.ParamModifierGui 
2014/11/03 05:18:00 INFO  - jmeter.samplers.SampleResult: Note: Sample TimeStamps are START times 
2014/11/03 05:18:00 INFO  - jmeter.samplers.SampleResult: sampleresult.default.encoding is set to ISO-8859-1 
2014/11/03 05:18:00 INFO  - jmeter.samplers.SampleResult: sampleresult.useNanoTime=true 
2014/11/03 05:18:00 INFO  - jmeter.samplers.SampleResult: sampleresult.nanoThreadSleep=5000 
2014/11/03 05:18:13 INFO  - jmeter.services.FileServer: Default base='D:\apache-jmeter-2.9\bin' 
2014/11/03 05:18:13 INFO  - jmeter.gui.action.Load: Loading file: D:\jakarta-jmeter-2.3.1\EVCv3_1x1h.jmx 
2014/11/03 05:18:13 INFO  - jmeter.services.FileServer: Set new base='D:\jakarta-jmeter-2.3.1' 
2014/11/03 05:18:13 INFO  - jmeter.save.SaveService: Testplan (JMX) version: 2.2. Testlog (JTL) version: 2.2 
2014/11/03 05:18:13 INFO  - jmeter.save.SaveService: Using SaveService properties file encoding UTF-8 
2014/11/03 05:18:13 INFO  - jmeter.save.SaveService: Using SaveService properties file version 1427507 
2014/11/03 05:18:13 INFO  - jmeter.save.SaveService: Using SaveService properties version 2.4 
2014/11/03 05:18:13 INFO  - jmeter.save.SaveService: All converter versions present and correct 
2014/11/03 05:18:13 INFO  - jmeter.util.NameUpdater: Processing jar:file:/D:/apache-jmeter-2.9/lib/ext/JMeterPlugins.jar!/META-INF/resources/org.apache.jmeter.nameupdater.properties 
2014/11/03 05:18:13 INFO  - jmeter.util.NameUpdater: Added additional nameMap entry: kg.apc.jmeter.vizualizers.TotalTransactionsPerSecondGui 
2014/11/03 05:18:13 INFO  - jmeter.protocol.http.sampler.HTTPHCAbstractImpl: Local host = EPBYMINW3484 
2014/11/03 05:18:13 INFO  - jmeter.protocol.http.sampler.HTTPHC3Impl: HTTP request retry count = 1 
2014/11/03 05:18:13 INFO  - jmeter.threads.JMeterThread: jmeterthread.startearlier=true (see jmeter.properties) 
2014/11/03 05:18:13 INFO  - jmeter.threads.JMeterThread: Running PostProcessors in forward order 
2014/11/03 05:18:13 INFO  - jmeter.services.FileServer: Set new base='D:\jakarta-jmeter-2.3.1' 
2014/11/03 07:54:02 INFO  - jmeter.gui.action.Load: Loading file: D:\jakarta-jmeter-2.3.1\EVCv3_1x1h.jmx 
2014/11/03 07:54:02 INFO  - jmeter.services.FileServer: Set new base='D:\jakarta-jmeter-2.3.1' 
2014/11/03 07:54:02 INFO  - jmeter.services.FileServer: Set new base='D:\jakarta-jmeter-2.3.1' 
2014/11/03 07:57:19 INFO  - jmeter.services.FileServer: Set new base='D:\jakarta-jmeter-2.3.1' 
